<?xml version="1.0" encoding="UTF-8" ?>
<testsuite tests="16" failures="0" name="bgu.spl.net.impl.stomp.StompFrameTest" time="0.007" errors="0" skipped="0">
  <properties>
[...]
</properties>
  <testcase classname="bgu.spl.net.impl.stomp.StompFrameTest" name="bgu.spl.net.impl.stomp.StompFrameTest.testHeaderWithSpecialCharacters" time="0.004"/>
  <testcase classname="bgu.spl.net.impl.stomp.StompFrameTest" name="bgu.spl.net.impl.stomp.StompFrameTest.testBodyWithSpecialCharacters" time="0"/>
  <testcase classname="bgu.spl.net.impl.stomp.StompFrameTest" name="bgu.spl.net.impl.stomp.StompFrameTest.testParsingFrameWithHeaderColonInValue" time="0.001"/>
  <testcase classname="bgu.spl.net.impl.stomp.StompFrameTest" name="bgu.spl.net.impl.stomp.StompFrameTest.testEmptyFrame" time="0.001"/>
  <testcase classname="bgu.spl.net.impl.stomp.StompFrameTest" name="bgu.spl.net.impl.stomp.StompFrameTest.testStompFrameParsingWithNoBody" time="0"/>
  <testcase classname="bgu.spl.net.impl.stomp.StompFrameTest" name="bgu.spl.net.impl.stomp.StompFrameTest.testStompFrameParsingWithNoHeaders" time="0.001"/>
  <testcase classname="bgu.spl.net.impl.stomp.StompFrameTest" name="bgu.spl.net.impl.stomp.StompFrameTest.testToStringMethod" time="0"/>
  <testcase classname="bgu.spl.net.impl.stomp.StompFrameTest" name="bgu.spl.net.impl.stomp.StompFrameTest.testToStringRoundTrip" time="0"/>
  <testcase classname="bgu.spl.net.impl.stomp.StompFrameTest" name="bgu.spl.net.impl.stomp.StompFrameTest.testHeaderGetters" time="0"/>
  <testcase classname="bgu.spl.net.impl.stomp.StompFrameTest" name="bgu.spl.net.impl.stomp.StompFrameTest.testFrameGetters" time="0"/>
  <testcase classname="bgu.spl.net.impl.stomp.StompFrameTest" name="bgu.spl.net.impl.stomp.StompFrameTest.testDifferentFrameTypes" time="0"/>
  <testcase classname="bgu.spl.net.impl.stomp.StompFrameTest" name="bgu.spl.net.impl.stomp.StompFrameTest.testStompFrameConstructorWithParameters" time="0"/>
  <testcase classname="bgu.spl.net.impl.stomp.StompFrameTest" name="bgu.spl.net.impl.stomp.StompFrameTest.testStompFrameConstructorWithEmptyBody" time="0"/>
  <testcase classname="bgu.spl.net.impl.stomp.StompFrameTest" name="bgu.spl.net.impl.stomp.StompFrameTest.testStompFrameConstructorWithNullHeaders" time="0"/>
  <testcase classname="bgu.spl.net.impl.stomp.StompFrameTest" name="bgu.spl.net.impl.stomp.StompFrameTest.testStompFrameParsingFromString" time="0"/>
  <testcase classname="bgu.spl.net.impl.stomp.StompFrameTest" name="bgu.spl.net.impl.stomp.StompFrameTest.testStompFrameParsingWithMultiLineBody" time="0"/>
</testsuite>